<?xml version="1.0" encoding="UTF-8"?>
<!-- Generated by org.testng.reporters.JUnitReportReporter -->
<testsuite hostname="DESKTOP-6E7JKDN" name="testscript.PostRequestUsingFile" tests="1" failures="0" timestamp="17 May 2022 19:11:41 GMT" time="3.740" errors="0">
  <testcase name="postRequestUsingFile" time="3.740" classname="testscript.PostRequestUsingFile"/>
</testsuite> <!-- testscript.PostRequestUsingFile -->
