<?xml version="1.0" encoding="UTF-8"?>
<!-- Generated by org.testng.reporters.JUnitReportReporter -->
<testsuite hostname="DESKTOP-6E7JKDN" name="testscript.CreatePlaceIdAPIUsingPostRequest" tests="1" failures="0" timestamp="17 May 2022 02:32:04 GMT" time="4.336" errors="0">
  <testcase name="postRequest" time="4.336" classname="testscript.CreatePlaceIdAPIUsingPostRequest"/>
</testsuite> <!-- testscript.CreatePlaceIdAPIUsingPostRequest -->
